{"C:\\Users\\Miguel Campos\\OakAcademy\\React-Core-Part-main\\shopping-list\\src\\App.js": {"path":"C:\\Users\\Miguel Campos\\OakAcademy\\React-Core-Part-main\\shopping-list\\src\\App.js","statementMap":{"0":{"start":{"line":7,"column":28},"end":{"line":7,"column":40}},"1":{"start":{"line":8,"column":25},"end":{"line":10,"column":3}},"2":{"start":{"line":9,"column":4},"end":{"line":9,"column":42}},"3":{"start":{"line":9,"column":24},"end":{"line":9,"column":40}},"4":{"start":{"line":11,"column":27},"end":{"line":13,"column":3}},"5":{"start":{"line":12,"column":4},"end":{"line":12,"column":64}},"6":{"start":{"line":12,"column":24},"end":{"line":12,"column":62}},"7":{"start":{"line":12,"column":47},"end":{"line":12,"column":61}},"8":{"start":{"line":14,"column":25},"end":{"line":20,"column":3}},"9":{"start":{"line":15,"column":4},"end":{"line":19,"column":6}},"10":{"start":{"line":16,"column":6},"end":{"line":18,"column":7}},"11":{"start":{"line":17,"column":8},"end":{"line":17,"column":65}},"12":{"start":{"line":22,"column":2},"end":{"line":33,"column":4}}},"fnMap":{"0":{"name":"App","decl":{"start":{"line":6,"column":9},"end":{"line":6,"column":12}},"loc":{"start":{"line":6,"column":15},"end":{"line":34,"column":1}},"line":6},"1":{"name":"(anonymous_1)","decl":{"start":{"line":8,"column":25},"end":{"line":8,"column":26}},"loc":{"start":{"line":8,"column":35},"end":{"line":10,"column":3}},"line":8},"2":{"name":"(anonymous_2)","decl":{"start":{"line":9,"column":13},"end":{"line":9,"column":14}},"loc":{"start":{"line":9,"column":24},"end":{"line":9,"column":40}},"line":9},"3":{"name":"(anonymous_3)","decl":{"start":{"line":11,"column":27},"end":{"line":11,"column":28}},"loc":{"start":{"line":11,"column":35},"end":{"line":13,"column":3}},"line":11},"4":{"name":"(anonymous_4)","decl":{"start":{"line":12,"column":13},"end":{"line":12,"column":14}},"loc":{"start":{"line":12,"column":24},"end":{"line":12,"column":62}},"line":12},"5":{"name":"(anonymous_5)","decl":{"start":{"line":12,"column":37},"end":{"line":12,"column":38}},"loc":{"start":{"line":12,"column":47},"end":{"line":12,"column":61}},"line":12},"6":{"name":"(anonymous_6)","decl":{"start":{"line":14,"column":25},"end":{"line":14,"column":26}},"loc":{"start":{"line":14,"column":33},"end":{"line":20,"column":3}},"line":14},"7":{"name":"(anonymous_7)","decl":{"start":{"line":15,"column":13},"end":{"line":15,"column":14}},"loc":{"start":{"line":16,"column":6},"end":{"line":18,"column":7}},"line":16},"8":{"name":"(anonymous_8)","decl":{"start":{"line":16,"column":16},"end":{"line":16,"column":17}},"loc":{"start":{"line":17,"column":8},"end":{"line":17,"column":65}},"line":17}},"branchMap":{"0":{"loc":{"start":{"line":17,"column":8},"end":{"line":17,"column":65}},"type":"cond-expr","locations":[{"start":{"line":17,"column":25},"end":{"line":17,"column":58}},{"start":{"line":17,"column":61},"end":{"line":17,"column":65}}],"line":17}},"s":{"0":0,"1":0,"2":0,"3":0,"4":0,"5":0,"6":0,"7":0,"8":0,"9":0,"10":0,"11":0,"12":0},"f":{"0":0,"1":0,"2":0,"3":0,"4":0,"5":0,"6":0,"7":0,"8":0},"b":{"0":[0,0]}}
,"C:\\Users\\Miguel Campos\\OakAcademy\\React-Core-Part-main\\shopping-list\\src\\index.js": {"path":"C:\\Users\\Miguel Campos\\OakAcademy\\React-Core-Part-main\\shopping-list\\src\\index.js","statementMap":{"0":{"start":{"line":6,"column":13},"end":{"line":6,"column":65}},"1":{"start":{"line":7,"column":0},"end":{"line":7,"column":21}}},"fnMap":{},"branchMap":{},"s":{"0":0,"1":0},"f":{},"b":{}}
,"C:\\Users\\Miguel Campos\\OakAcademy\\React-Core-Part-main\\shopping-list\\src\\component\\Footer.jsx": {"path":"C:\\Users\\Miguel Campos\\OakAcademy\\React-Core-Part-main\\shopping-list\\src\\component\\Footer.jsx","statementMap":{"0":{"start":{"line":1,"column":15},"end":{"line":12,"column":1}},"1":{"start":{"line":2,"column":19},"end":{"line":2,"column":31}},"2":{"start":{"line":3,"column":20},"end":{"line":3,"column":62}},"3":{"start":{"line":3,"column":43},"end":{"line":3,"column":54}},"4":{"start":{"line":4,"column":21},"end":{"line":4,"column":61}},"5":{"start":{"line":5,"column":2},"end":{"line":11,"column":4}}},"fnMap":{"0":{"name":"(anonymous_0)","decl":{"start":{"line":1,"column":15},"end":{"line":1,"column":16}},"loc":{"start":{"line":1,"column":30},"end":{"line":12,"column":1}},"line":1},"1":{"name":"(anonymous_1)","decl":{"start":{"line":3,"column":33},"end":{"line":3,"column":34}},"loc":{"start":{"line":3,"column":43},"end":{"line":3,"column":54}},"line":3}},"branchMap":{"0":{"loc":{"start":{"line":7,"column":7},"end":{"line":9,"column":84}},"type":"cond-expr","locations":[{"start":{"line":8,"column":10},"end":{"line":8,"column":25}},{"start":{"line":9,"column":10},"end":{"line":9,"column":84}}],"line":7}},"s":{"0":1,"1":1,"2":1,"3":3,"4":1,"5":1},"f":{"0":1,"1":3},"b":{"0":[0,1]},"_coverageSchema":"1a1c01bbd47fc00a2c39e90264f33305004495a9","hash":"da5c8406df09ee1e60891c1a4fa91c5253ccacd4"}
,"C:\\Users\\Miguel Campos\\OakAcademy\\React-Core-Part-main\\shopping-list\\src\\component\\Form.jsx": {"path":"C:\\Users\\Miguel Campos\\OakAcademy\\React-Core-Part-main\\shopping-list\\src\\component\\Form.jsx","statementMap":{"0":{"start":{"line":3,"column":13},"end":{"line":45,"column":1}},"1":{"start":{"line":4,"column":32},"end":{"line":4,"column":44}},"2":{"start":{"line":5,"column":34},"end":{"line":5,"column":45}},"3":{"start":{"line":7,"column":23},"end":{"line":21,"column":3}},"4":{"start":{"line":8,"column":4},"end":{"line":8,"column":23}},"5":{"start":{"line":9,"column":4},"end":{"line":20,"column":5}},"6":{"start":{"line":10,"column":22},"end":{"line":15,"column":7}},"7":{"start":{"line":16,"column":6},"end":{"line":16,"column":27}},"8":{"start":{"line":17,"column":6},"end":{"line":17,"column":30}},"9":{"start":{"line":18,"column":6},"end":{"line":18,"column":21}},"10":{"start":{"line":19,"column":6},"end":{"line":19,"column":21}},"11":{"start":{"line":22,"column":2},"end":{"line":44,"column":4}},"12":{"start":{"line":26,"column":25},"end":{"line":26,"column":60}},"13":{"start":{"line":30,"column":10},"end":{"line":32,"column":19}},"14":{"start":{"line":40,"column":25},"end":{"line":40,"column":51}}},"fnMap":{"0":{"name":"(anonymous_0)","decl":{"start":{"line":3,"column":13},"end":{"line":3,"column":14}},"loc":{"start":{"line":3,"column":37},"end":{"line":45,"column":1}},"line":3},"1":{"name":"(anonymous_1)","decl":{"start":{"line":7,"column":23},"end":{"line":7,"column":24}},"loc":{"start":{"line":7,"column":30},"end":{"line":21,"column":3}},"line":7},"2":{"name":"(anonymous_2)","decl":{"start":{"line":26,"column":18},"end":{"line":26,"column":19}},"loc":{"start":{"line":26,"column":25},"end":{"line":26,"column":60}},"line":26},"3":{"name":"(anonymous_3)","decl":{"start":{"line":29,"column":28},"end":{"line":29,"column":29}},"loc":{"start":{"line":30,"column":10},"end":{"line":32,"column":19}},"line":30},"4":{"name":"(anonymous_4)","decl":{"start":{"line":40,"column":18},"end":{"line":40,"column":19}},"loc":{"start":{"line":40,"column":25},"end":{"line":40,"column":51}},"line":40}},"branchMap":{"0":{"loc":{"start":{"line":9,"column":4},"end":{"line":20,"column":5}},"type":"if","locations":[{"start":{"line":9,"column":4},"end":{"line":20,"column":5}},{"start":{},"end":{}}],"line":9}},"s":{"0":0,"1":0,"2":0,"3":0,"4":0,"5":0,"6":0,"7":0,"8":0,"9":0,"10":0,"11":0,"12":0,"13":0,"14":0},"f":{"0":0,"1":0,"2":0,"3":0,"4":0},"b":{"0":[0,0]}}
,"C:\\Users\\Miguel Campos\\OakAcademy\\React-Core-Part-main\\shopping-list\\src\\component\\Header.jsx": {"path":"C:\\Users\\Miguel Campos\\OakAcademy\\React-Core-Part-main\\shopping-list\\src\\component\\Header.jsx","statementMap":{"0":{"start":{"line":1,"column":15},"end":{"line":9,"column":1}},"1":{"start":{"line":2,"column":2},"end":{"line":8,"column":4}}},"fnMap":{"0":{"name":"(anonymous_0)","decl":{"start":{"line":1,"column":15},"end":{"line":1,"column":16}},"loc":{"start":{"line":1,"column":21},"end":{"line":9,"column":1}},"line":1}},"branchMap":{},"s":{"0":1,"1":1},"f":{"0":1},"b":{},"_coverageSchema":"1a1c01bbd47fc00a2c39e90264f33305004495a9","hash":"a6db6535daa36b9efa233b3d0ca1204ead775df3"}
,"C:\\Users\\Miguel Campos\\OakAcademy\\React-Core-Part-main\\shopping-list\\src\\component\\Link.js": {"path":"C:\\Users\\Miguel Campos\\OakAcademy\\React-Core-Part-main\\shopping-list\\src\\component\\Link.js","statementMap":{"0":{"start":{"line":3,"column":15},"end":{"line":6,"column":1}},"1":{"start":{"line":9,"column":30},"end":{"line":9,"column":53}},"2":{"start":{"line":11,"column":23},"end":{"line":11,"column":54}},"3":{"start":{"line":11,"column":29},"end":{"line":11,"column":54}},"4":{"start":{"line":12,"column":23},"end":{"line":12,"column":53}},"5":{"start":{"line":12,"column":29},"end":{"line":12,"column":53}},"6":{"start":{"line":14,"column":2},"end":{"line":18,"column":4}}},"fnMap":{"0":{"name":"Link","decl":{"start":{"line":8,"column":24},"end":{"line":8,"column":28}},"loc":{"start":{"line":8,"column":49},"end":{"line":19,"column":1}},"line":8},"1":{"name":"(anonymous_1)","decl":{"start":{"line":11,"column":23},"end":{"line":11,"column":24}},"loc":{"start":{"line":11,"column":29},"end":{"line":11,"column":54}},"line":11},"2":{"name":"(anonymous_2)","decl":{"start":{"line":12,"column":23},"end":{"line":12,"column":24}},"loc":{"start":{"line":12,"column":29},"end":{"line":12,"column":53}},"line":12}},"branchMap":{"0":{"loc":{"start":{"line":15,"column":32},"end":{"line":15,"column":43}},"type":"binary-expr","locations":[{"start":{"line":15,"column":32},"end":{"line":15,"column":36}},{"start":{"line":15,"column":40},"end":{"line":15,"column":43}}],"line":15}},"s":{"0":1,"1":3,"2":3,"3":1,"4":3,"5":1,"6":3},"f":{"0":3,"1":1,"2":1},"b":{"0":[3,0]},"_coverageSchema":"1a1c01bbd47fc00a2c39e90264f33305004495a9","hash":"a8db97021e29a59746d844f47be0a8a2d97f8f98"}
,"C:\\Users\\Miguel Campos\\OakAcademy\\React-Core-Part-main\\shopping-list\\src\\component\\List.jsx": {"path":"C:\\Users\\Miguel Campos\\OakAcademy\\React-Core-Part-main\\shopping-list\\src\\component\\List.jsx","statementMap":{"0":{"start":{"line":1,"column":13},"end":{"line":17,"column":1}},"1":{"start":{"line":2,"column":44},"end":{"line":2,"column":48}},"2":{"start":{"line":3,"column":2},"end":{"line":16,"column":4}},"3":{"start":{"line":8,"column":31},"end":{"line":8,"column":49}},"4":{"start":{"line":11,"column":31},"end":{"line":11,"column":47}}},"fnMap":{"0":{"name":"(anonymous_0)","decl":{"start":{"line":1,"column":13},"end":{"line":1,"column":14}},"loc":{"start":{"line":1,"column":57},"end":{"line":17,"column":1}},"line":1},"1":{"name":"(anonymous_1)","decl":{"start":{"line":8,"column":25},"end":{"line":8,"column":26}},"loc":{"start":{"line":8,"column":31},"end":{"line":8,"column":49}},"line":8},"2":{"name":"(anonymous_2)","decl":{"start":{"line":11,"column":25},"end":{"line":11,"column":26}},"loc":{"start":{"line":11,"column":31},"end":{"line":11,"column":47}},"line":11}},"branchMap":{"0":{"loc":{"start":{"line":6,"column":16},"end":{"line":6,"column":64}},"type":"cond-expr","locations":[{"start":{"line":6,"column":25},"end":{"line":6,"column":59}},{"start":{"line":6,"column":62},"end":{"line":6,"column":64}}],"line":6}},"s":{"0":0,"1":0,"2":0,"3":0,"4":0},"f":{"0":0,"1":0,"2":0},"b":{"0":[0,0]}}
,"C:\\Users\\Miguel Campos\\OakAcademy\\React-Core-Part-main\\shopping-list\\src\\component\\Main.jsx": {"path":"C:\\Users\\Miguel Campos\\OakAcademy\\React-Core-Part-main\\shopping-list\\src\\component\\Main.jsx","statementMap":{"0":{"start":{"line":4,"column":13},"end":{"line":44,"column":1}},"1":{"start":{"line":5,"column":30},"end":{"line":5,"column":47}},"2":{"start":{"line":9,"column":2},"end":{"line":11,"column":3}},"3":{"start":{"line":10,"column":4},"end":{"line":10,"column":24}},"4":{"start":{"line":13,"column":2},"end":{"line":17,"column":3}},"5":{"start":{"line":14,"column":4},"end":{"line":16,"column":59}},"6":{"start":{"line":16,"column":22},"end":{"line":16,"column":57}},"7":{"start":{"line":19,"column":2},"end":{"line":43,"column":4}},"8":{"start":{"line":24,"column":10},"end":{"line":29,"column":12}},"9":{"start":{"line":36,"column":27},"end":{"line":36,"column":52}}},"fnMap":{"0":{"name":"(anonymous_0)","decl":{"start":{"line":4,"column":13},"end":{"line":4,"column":14}},"loc":{"start":{"line":4,"column":74},"end":{"line":44,"column":1}},"line":4},"1":{"name":"(anonymous_1)","decl":{"start":{"line":16,"column":12},"end":{"line":16,"column":13}},"loc":{"start":{"line":16,"column":22},"end":{"line":16,"column":57}},"line":16},"2":{"name":"(anonymous_2)","decl":{"start":{"line":23,"column":25},"end":{"line":23,"column":26}},"loc":{"start":{"line":24,"column":10},"end":{"line":29,"column":12}},"line":24},"3":{"name":"(anonymous_3)","decl":{"start":{"line":36,"column":20},"end":{"line":36,"column":21}},"loc":{"start":{"line":36,"column":27},"end":{"line":36,"column":52}},"line":36}},"branchMap":{"0":{"loc":{"start":{"line":9,"column":2},"end":{"line":11,"column":3}},"type":"if","locations":[{"start":{"line":9,"column":2},"end":{"line":11,"column":3}},{"start":{},"end":{}}],"line":9},"1":{"loc":{"start":{"line":13,"column":2},"end":{"line":17,"column":3}},"type":"if","locations":[{"start":{"line":13,"column":2},"end":{"line":17,"column":3}},{"start":{},"end":{}}],"line":13}},"s":{"0":0,"1":0,"2":0,"3":0,"4":0,"5":0,"6":0,"7":0,"8":0,"9":0},"f":{"0":0,"1":0,"2":0,"3":0},"b":{"0":[0,0],"1":[0,0]}}
,"C:\\Users\\Miguel Campos\\OakAcademy\\React-Core-Part-main\\shopping-list\\src\\data\\data.js": {"path":"C:\\Users\\Miguel Campos\\OakAcademy\\React-Core-Part-main\\shopping-list\\src\\data\\data.js","statementMap":{"0":{"start":{"line":1,"column":21},"end":{"line":5,"column":1}}},"fnMap":{},"branchMap":{},"s":{"0":0},"f":{},"b":{}}
}
